<?xml version="1.0" encoding="UTF-8" ?>
<testsuite failures="0" time="6.15" errors="0" skipped="0" tests="1" name="TestSuite">
  <properties>
    <property name="java.runtime.name" value="Java(TM) SE Runtime Environment"/>
    <property name="sun.boot.library.path" value="C:\Program Files\Java\jdk1.7.0_10\jre\bin"/>
    <property name="java.vm.version" value="23.6-b04"/>
    <property name="java.vm.vendor" value="Oracle Corporation"/>
    <property name="java.vendor.url" value="http://java.oracle.com/"/>
    <property name="path.separator" value=";"/>
    <property name="java.vm.name" value="Java HotSpot(TM) 64-Bit Server VM"/>
    <property name="file.encoding.pkg" value="sun.io"/>
    <property name="user.script" value=""/>
    <property name="user.country" value="FR"/>
    <property name="sun.java.launcher" value="SUN_STANDARD"/>
    <property name="sun.os.patch.level" value="Service Pack 1"/>
    <property name="java.vm.specification.name" value="Java Virtual Machine Specification"/>
    <property name="user.dir" value="D:\tapestry-src\tapestry-caching-2.6\tapestry-caching"/>
    <property name="java.runtime.version" value="1.7.0_10-b18"/>
    <property name="java.awt.graphicsenv" value="sun.awt.Win32GraphicsEnvironment"/>
    <property name="basedir" value="D:\tapestry-src\tapestry-caching-2.6\tapestry-caching"/>
    <property name="java.endorsed.dirs" value="C:\Program Files\Java\jdk1.7.0_10\jre\lib\endorsed"/>
    <property name="os.arch" value="amd64"/>
    <property name="surefire.real.class.path" value="D:\tapestry-src\tapestry-caching-2.6\tapestry-caching\target\surefire\surefirebooter2057919905342266433.jar"/>
    <property name="java.io.tmpdir" value="D:\UTILIS~1\A173924\AppData\Local\Temp\"/>
    <property name="line.separator" value="
"/>
    <property name="java.vm.specification.vendor" value="Oracle Corporation"/>
    <property name="user.variant" value=""/>
    <property name="os.name" value="Windows 7"/>
    <property name="sun.jnu.encoding" value="Cp1252"/>
    <property name="java.library.path" value="C:\Program Files\Java\jdk1.7.0_10\jre\bin;C:\WINDOWS\Sun\Java\bin;C:\WINDOWS\system32;C:\WINDOWS;C:\Program Files\CollabNet\Subversion Client;C:\Program Files (x86)\RSA SecurID Token Common;C:\WINDOWS\system32;C:\WINDOWS;C:\WINDOWS\System32\Wbem;C:\Program Files\WIDCOMM\Bluetooth Software\;C:\Program Files\WIDCOMM\Bluetooth Software\syswow64;C:\Program Files\PuTTY;D:\apache\apache-maven-3.0.4\bin;D:\apache\gradle-1.0\bin;C:\Program Files (x86)\Git\bin;C:\WINDOWS\System32\WindowsPowerShell\v1.0\;C:\Program Files (x86)\MySQL\MySQL Workbench 5.2 CE;C:\Program Files\SlikSvn\bin;D:\mobile\adt\sdk\tools;D:\apache\apache-ant-1.8.4\bin;C:\Program Files\Java\jdk1.7.0_10\bin;C:\Program Files\TortoiseSVN\bin;C:\WINDOWS\System32\WindowsPowerShell\v1.0\;D:\Utilisateurs\A173924\AppData\Local\Trigger Toolkit;."/>
    <property name="surefire.test.class.path" value="D:\tapestry-src\tapestry-caching-2.6\tapestry-caching\target\test-classes;D:\tapestry-src\tapestry-caching-2.6\tapestry-caching\target\classes;D:\Utilisateurs\A173924\.m2\repository\org\apache\tapestry\tapestry-core\5.2.6\tapestry-core-5.2.6.jar;D:\Utilisateurs\A173924\.m2\repository\org\apache\tapestry\tapestry-ioc\5.2.6\tapestry-ioc-5.2.6.jar;D:\Utilisateurs\A173924\.m2\repository\org\apache\tapestry\tapestry5-annotations\5.2.6\tapestry5-annotations-5.2.6.jar;D:\Utilisateurs\A173924\.m2\repository\org\apache\tapestry\tapestry-func\5.2.6\tapestry-func-5.2.6.jar;D:\Utilisateurs\A173924\.m2\repository\javassist\javassist\3.12.1.GA\javassist-3.12.1.GA.jar;D:\Utilisateurs\A173924\.m2\repository\log4j\log4j\1.2.14\log4j-1.2.14.jar;D:\Utilisateurs\A173924\.m2\repository\org\slf4j\slf4j-log4j12\1.6.1\slf4j-log4j12-1.6.1.jar;D:\Utilisateurs\A173924\.m2\repository\org\apache\tapestry\tapestry-json\5.2.6\tapestry-json-5.2.6.jar;D:\Utilisateurs\A173924\.m2\repository\commons-codec\commons-codec\1.3\commons-codec-1.3.jar;D:\Utilisateurs\A173924\.m2\repository\org\antlr\antlr-runtime\3.1.1\antlr-runtime-3.1.1.jar;D:\Utilisateurs\A173924\.m2\repository\org\apache\tapestry\tapestry-test\5.2.6\tapestry-test-5.2.6.jar;D:\Utilisateurs\A173924\.m2\repository\org\seleniumhq\selenium\server\selenium-server\1.0.3\selenium-server-1.0.3-standalone.jar;D:\Utilisateurs\A173924\.m2\repository\org\seleniumhq\selenium\server\selenium-server-coreless\1.0.3\selenium-server-coreless-1.0.3.jar;D:\Utilisateurs\A173924\.m2\repository\org\apache\ant\ant\1.7.1\ant-1.7.1.jar;D:\Utilisateurs\A173924\.m2\repository\org\apache\ant\ant-launcher\1.7.1\ant-launcher-1.7.1.jar;D:\Utilisateurs\A173924\.m2\repository\commons-logging\commons-logging\1.0.4\commons-logging-1.0.4.jar;D:\Utilisateurs\A173924\.m2\repository\bouncycastle\bcprov-jdk15\135\bcprov-jdk15-135.jar;D:\Utilisateurs\A173924\.m2\repository\org\seleniumhq\selenium\core\selenium-core\1.0.1\selenium-core-1.0.1.jar;D:\Utilisateurs\A173924\.m2\repository\org\eclipse\jetty\jetty-server\7.0.0.v20091005\jetty-server-7.0.0.v20091005.jar;D:\Utilisateurs\A173924\.m2\repository\javax\servlet\servlet-api\2.5\servlet-api-2.5.jar;D:\Utilisateurs\A173924\.m2\repository\org\eclipse\jetty\jetty-continuation\7.0.0.v20091005\jetty-continuation-7.0.0.v20091005.jar;D:\Utilisateurs\A173924\.m2\repository\org\eclipse\jetty\jetty-http\7.0.0.v20091005\jetty-http-7.0.0.v20091005.jar;D:\Utilisateurs\A173924\.m2\repository\org\eclipse\jetty\jetty-io\7.0.0.v20091005\jetty-io-7.0.0.v20091005.jar;D:\Utilisateurs\A173924\.m2\repository\org\eclipse\jetty\jetty-jndi\7.0.0.v20091005\jetty-jndi-7.0.0.v20091005.jar;D:\Utilisateurs\A173924\.m2\repository\javax\mail\mail\1.4\mail-1.4.jar;D:\Utilisateurs\A173924\.m2\repository\javax\activation\activation\1.1\activation-1.1.jar;D:\Utilisateurs\A173924\.m2\repository\org\eclipse\jetty\jetty-plus\7.0.0.v20091005\jetty-plus-7.0.0.v20091005.jar;D:\Utilisateurs\A173924\.m2\repository\org\apache\geronimo\specs\geronimo-jta_1.1_spec\1.1.1\geronimo-jta_1.1_spec-1.1.1.jar;D:\Utilisateurs\A173924\.m2\repository\org\eclipse\jetty\jetty-webapp\7.0.0.v20091005\jetty-webapp-7.0.0.v20091005.jar;D:\Utilisateurs\A173924\.m2\repository\org\eclipse\jetty\jetty-xml\7.0.0.v20091005\jetty-xml-7.0.0.v20091005.jar;D:\Utilisateurs\A173924\.m2\repository\org\eclipse\jetty\jetty-util\7.0.0.v20091005\jetty-util-7.0.0.v20091005.jar;D:\Utilisateurs\A173924\.m2\repository\org\eclipse\jetty\jetty-servlet\7.0.0.v20091005\jetty-servlet-7.0.0.v20091005.jar;D:\Utilisateurs\A173924\.m2\repository\org\eclipse\jetty\jetty-security\7.0.0.v20091005\jetty-security-7.0.0.v20091005.jar;D:\Utilisateurs\A173924\.m2\repository\jetty\org.mortbay.jetty\5.1.12\org.mortbay.jetty-5.1.12.jar;D:\Utilisateurs\A173924\.m2\repository\org\testng\testng\5.14.10\testng-5.14.10.jar;D:\Utilisateurs\A173924\.m2\repository\junit\junit\3.8.1\junit-3.8.1.jar;D:\Utilisateurs\A173924\.m2\repository\org\beanshell\bsh\2.0b4\bsh-2.0b4.jar;D:\Utilisateurs\A173924\.m2\repository\com\beust\jcommander\1.12\jcommander-1.12.jar;D:\Utilisateurs\A173924\.m2\repository\org\yaml\snakeyaml\1.6\snakeyaml-1.6.jar;D:\Utilisateurs\A173924\.m2\repository\net\sf\ehcache\ehcache-core\2.3.0\ehcache-core-2.3.0.jar;D:\Utilisateurs\A173924\.m2\repository\org\slf4j\slf4j-api\1.5.11\slf4j-api-1.5.11.jar;"/>
    <property name="java.specification.name" value="Java Platform API Specification"/>
    <property name="java.class.version" value="51.0"/>
    <property name="sun.management.compiler" value="HotSpot 64-Bit Tiered Compilers"/>
    <property name="os.version" value="6.1"/>
    <property name="user.home" value="D:\Utilisateurs\A173924"/>
    <property name="user.timezone" value="Europe/Paris"/>
    <property name="java.awt.printerjob" value="sun.awt.windows.WPrinterJob"/>
    <property name="java.specification.version" value="1.7"/>
    <property name="file.encoding" value="Cp1252"/>
    <property name="user.name" value="A173924"/>
    <property name="java.class.path" value="D:\tapestry-src\tapestry-caching-2.6\tapestry-caching\target\test-classes;D:\tapestry-src\tapestry-caching-2.6\tapestry-caching\target\classes;D:\Utilisateurs\A173924\.m2\repository\org\apache\tapestry\tapestry-core\5.2.6\tapestry-core-5.2.6.jar;D:\Utilisateurs\A173924\.m2\repository\org\apache\tapestry\tapestry-ioc\5.2.6\tapestry-ioc-5.2.6.jar;D:\Utilisateurs\A173924\.m2\repository\org\apache\tapestry\tapestry5-annotations\5.2.6\tapestry5-annotations-5.2.6.jar;D:\Utilisateurs\A173924\.m2\repository\org\apache\tapestry\tapestry-func\5.2.6\tapestry-func-5.2.6.jar;D:\Utilisateurs\A173924\.m2\repository\javassist\javassist\3.12.1.GA\javassist-3.12.1.GA.jar;D:\Utilisateurs\A173924\.m2\repository\log4j\log4j\1.2.14\log4j-1.2.14.jar;D:\Utilisateurs\A173924\.m2\repository\org\slf4j\slf4j-log4j12\1.6.1\slf4j-log4j12-1.6.1.jar;D:\Utilisateurs\A173924\.m2\repository\org\apache\tapestry\tapestry-json\5.2.6\tapestry-json-5.2.6.jar;D:\Utilisateurs\A173924\.m2\repository\commons-codec\commons-codec\1.3\commons-codec-1.3.jar;D:\Utilisateurs\A173924\.m2\repository\org\antlr\antlr-runtime\3.1.1\antlr-runtime-3.1.1.jar;D:\Utilisateurs\A173924\.m2\repository\org\apache\tapestry\tapestry-test\5.2.6\tapestry-test-5.2.6.jar;D:\Utilisateurs\A173924\.m2\repository\org\seleniumhq\selenium\server\selenium-server\1.0.3\selenium-server-1.0.3-standalone.jar;D:\Utilisateurs\A173924\.m2\repository\org\seleniumhq\selenium\server\selenium-server-coreless\1.0.3\selenium-server-coreless-1.0.3.jar;D:\Utilisateurs\A173924\.m2\repository\org\apache\ant\ant\1.7.1\ant-1.7.1.jar;D:\Utilisateurs\A173924\.m2\repository\org\apache\ant\ant-launcher\1.7.1\ant-launcher-1.7.1.jar;D:\Utilisateurs\A173924\.m2\repository\commons-logging\commons-logging\1.0.4\commons-logging-1.0.4.jar;D:\Utilisateurs\A173924\.m2\repository\bouncycastle\bcprov-jdk15\135\bcprov-jdk15-135.jar;D:\Utilisateurs\A173924\.m2\repository\org\seleniumhq\selenium\core\selenium-core\1.0.1\selenium-core-1.0.1.jar;D:\Utilisateurs\A173924\.m2\repository\org\eclipse\jetty\jetty-server\7.0.0.v20091005\jetty-server-7.0.0.v20091005.jar;D:\Utilisateurs\A173924\.m2\repository\javax\servlet\servlet-api\2.5\servlet-api-2.5.jar;D:\Utilisateurs\A173924\.m2\repository\org\eclipse\jetty\jetty-continuation\7.0.0.v20091005\jetty-continuation-7.0.0.v20091005.jar;D:\Utilisateurs\A173924\.m2\repository\org\eclipse\jetty\jetty-http\7.0.0.v20091005\jetty-http-7.0.0.v20091005.jar;D:\Utilisateurs\A173924\.m2\repository\org\eclipse\jetty\jetty-io\7.0.0.v20091005\jetty-io-7.0.0.v20091005.jar;D:\Utilisateurs\A173924\.m2\repository\org\eclipse\jetty\jetty-jndi\7.0.0.v20091005\jetty-jndi-7.0.0.v20091005.jar;D:\Utilisateurs\A173924\.m2\repository\javax\mail\mail\1.4\mail-1.4.jar;D:\Utilisateurs\A173924\.m2\repository\javax\activation\activation\1.1\activation-1.1.jar;D:\Utilisateurs\A173924\.m2\repository\org\eclipse\jetty\jetty-plus\7.0.0.v20091005\jetty-plus-7.0.0.v20091005.jar;D:\Utilisateurs\A173924\.m2\repository\org\apache\geronimo\specs\geronimo-jta_1.1_spec\1.1.1\geronimo-jta_1.1_spec-1.1.1.jar;D:\Utilisateurs\A173924\.m2\repository\org\eclipse\jetty\jetty-webapp\7.0.0.v20091005\jetty-webapp-7.0.0.v20091005.jar;D:\Utilisateurs\A173924\.m2\repository\org\eclipse\jetty\jetty-xml\7.0.0.v20091005\jetty-xml-7.0.0.v20091005.jar;D:\Utilisateurs\A173924\.m2\repository\org\eclipse\jetty\jetty-util\7.0.0.v20091005\jetty-util-7.0.0.v20091005.jar;D:\Utilisateurs\A173924\.m2\repository\org\eclipse\jetty\jetty-servlet\7.0.0.v20091005\jetty-servlet-7.0.0.v20091005.jar;D:\Utilisateurs\A173924\.m2\repository\org\eclipse\jetty\jetty-security\7.0.0.v20091005\jetty-security-7.0.0.v20091005.jar;D:\Utilisateurs\A173924\.m2\repository\jetty\org.mortbay.jetty\5.1.12\org.mortbay.jetty-5.1.12.jar;D:\Utilisateurs\A173924\.m2\repository\org\testng\testng\5.14.10\testng-5.14.10.jar;D:\Utilisateurs\A173924\.m2\repository\junit\junit\3.8.1\junit-3.8.1.jar;D:\Utilisateurs\A173924\.m2\repository\org\beanshell\bsh\2.0b4\bsh-2.0b4.jar;D:\Utilisateurs\A173924\.m2\repository\com\beust\jcommander\1.12\jcommander-1.12.jar;D:\Utilisateurs\A173924\.m2\repository\org\yaml\snakeyaml\1.6\snakeyaml-1.6.jar;D:\Utilisateurs\A173924\.m2\repository\net\sf\ehcache\ehcache-core\2.3.0\ehcache-core-2.3.0.jar;D:\Utilisateurs\A173924\.m2\repository\org\slf4j\slf4j-api\1.5.11\slf4j-api-1.5.11.jar;"/>
    <property name="java.vm.specification.version" value="1.7"/>
    <property name="sun.arch.data.model" value="64"/>
    <property name="java.home" value="C:\Program Files\Java\jdk1.7.0_10\jre"/>
    <property name="sun.java.command" value="D:\tapestry-src\tapestry-caching-2.6\tapestry-caching\target\surefire\surefirebooter2057919905342266433.jar D:\tapestry-src\tapestry-caching-2.6\tapestry-caching\target\surefire\surefire8790100570380227144tmp D:\tapestry-src\tapestry-caching-2.6\tapestry-caching\target\surefire\surefire6419684353651054948tmp"/>
    <property name="java.specification.vendor" value="Oracle Corporation"/>
    <property name="user.language" value="fr"/>
    <property name="awt.toolkit" value="sun.awt.windows.WToolkit"/>
    <property name="java.vm.info" value="mixed mode"/>
    <property name="java.version" value="1.7.0_10"/>
    <property name="java.ext.dirs" value="C:\Program Files\Java\jdk1.7.0_10\jre\lib\ext;C:\WINDOWS\Sun\Java\lib\ext"/>
    <property name="sun.boot.class.path" value="C:\Program Files\Java\jdk1.7.0_10\jre\lib\resources.jar;C:\Program Files\Java\jdk1.7.0_10\jre\lib\rt.jar;C:\Program Files\Java\jdk1.7.0_10\jre\lib\sunrsasign.jar;C:\Program Files\Java\jdk1.7.0_10\jre\lib\jsse.jar;C:\Program Files\Java\jdk1.7.0_10\jre\lib\jce.jar;C:\Program Files\Java\jdk1.7.0_10\jre\lib\charsets.jar;C:\Program Files\Java\jdk1.7.0_10\jre\lib\jfr.jar;C:\Program Files\Java\jdk1.7.0_10\jre\classes"/>
    <property name="java.vendor" value="Oracle Corporation"/>
    <property name="localRepository" value="D:\Utilisateurs\A173924\.m2\repository"/>
    <property name="file.separator" value="\"/>
    <property name="java.vendor.url.bug" value="http://bugreport.sun.com/bugreport/"/>
    <property name="sun.cpu.endian" value="little"/>
    <property name="sun.io.unicode.encoding" value="UnicodeLittle"/>
    <property name="sun.desktop" value="windows"/>
    <property name="sun.cpu.isalist" value="amd64"/>
  </properties>
  <testcase time="0" classname="uk.co.ioko.tapestry.caching.tests.TestContentCache" name="testCaching on instance testCaching"/>
</testsuite>