<?xml version="1.0" encoding="UTF-8"?>
<!-- Generated by org.testng.reporters.JUnitReportReporter -->
<testsuite hostname="L30764" name="uk.co.ioko.tapestry.caching.tests.TestContentCache" tests="1" failures="0" timestamp="17 Apr 2013 08:45:47 GMT" time="5,570" errors="0">
  <testcase name="testCaching" time="5,570" classname="uk.co.ioko.tapestry.caching.tests.TestContentCache"/>
</testsuite>
